# JRE version: OpenJDK Runtime Environment (11.0.15) (build 11.0.15+0-b2043.56-8887301)
# Java VM: OpenJDK 64-Bit Server VM (11.0.15+0-b2043.56-8887301, mixed mode, tiered, compressed oops, g1 gc, windows-amd64)
Heap:
 garbage-first heap   total 402432K, used 317804K [0x00000000a0000000, 0x0000000100000000)
  region size 1024K, 27 young (27648K), 3 survivors (3072K)
 Metaspace       used 99078K, capacity 106594K, committed 106612K, reserved 1140736K
  class space    used 13049K, capacity 15174K, committed 15180K, reserved 1048576K
GC Heap History (20 events):
Event: 43.203 GC heap before
{Heap before GC invocations=62 (full 0):
 garbage-first heap   total 353280K, used 288768K [0x00000000a0000000, 0x0000000100000000)
  region size 1024K, 49 young (50176K), 8 survivors (8192K)
 Metaspace       used 95939K, capacity 103132K, committed 103284K, reserved 1138688K
  class space    used 12588K, capacity 14541K, committed 14668K, reserved 1048576K
}
Event: 43.243 GC heap after
{Heap after GC invocations=63 (full 0):
 garbage-first heap   total 353280K, used 261120K [0x00000000a0000000, 0x0000000100000000)
  region size 1024K, 7 young (7168K), 7 survivors (7168K)
 Metaspace       used 95939K, capacity 103132K, committed 103284K, reserved 1138688K
  class space    used 12588K, capacity 14541K, committed 14668K, reserved 1048576K
}
Event: 43.747 GC heap before
{Heap before GC invocations=63 (full 0):
 garbage-first heap   total 353280K, used 292864K [0x00000000a0000000, 0x0000000100000000)
  region size 1024K, 38 young (38912K), 7 survivors (7168K)
 Metaspace       used 96383K, capacity 103616K, committed 103796K, reserved 1138688K
  class space    used 12646K, capacity 14628K, committed 14668K, reserved 1048576K
}
Event: 43.771 GC heap after
{Heap after GC invocations=64 (full 0):
 garbage-first heap   total 353280K, used 269312K [0x00000000a0000000, 0x0000000100000000)
  region size 1024K, 5 young (5120K), 5 survivors (5120K)
 Metaspace       used 96383K, capacity 103616K, committed 103796K, reserved 1138688K
  class space    used 12646K, capacity 14628K, committed 14668K, reserved 1048576K
}
Event: 44.157 GC heap before
{Heap before GC invocations=64 (full 0):
 garbage-first heap   total 353280K, used 296960K [0x00000000a0000000, 0x0000000100000000)
  region size 1024K, 32 young (32768K), 5 survivors (5120K)
 Metaspace       used 96877K, capacity 104193K, committed 104436K, reserved 1138688K
  class space    used 12717K, capacity 14709K, committed 14796K, reserved 1048576K
}
Event: 44.175 GC heap after
{Heap after GC invocations=65 (full 0):
 garbage-first heap   total 353280K, used 275456K [0x00000000a0000000, 0x0000000100000000)
  region size 1024K, 4 young (4096K), 4 survivors (4096K)
 Metaspace       used 96877K, capacity 104193K, committed 104436K, reserved 1138688K
  class space    used 12717K, capacity 14709K, committed 14796K, reserved 1048576K
}
Event: 44.660 GC heap before
{Heap before GC invocations=65 (full 0):
 garbage-first heap   total 353280K, used 300032K [0x00000000a0000000, 0x0000000100000000)
  region size 1024K, 28 young (28672K), 4 survivors (4096K)
 Metaspace       used 97422K, capacity 104753K, committed 105076K, reserved 1140736K
  class space    used 12789K, capacity 14808K, committed 14924K, reserved 1048576K
}
Event: 44.674 GC heap after
{Heap after GC invocations=66 (full 0):
 garbage-first heap   total 353280K, used 279905K [0x00000000a0000000, 0x0000000100000000)
  region size 1024K, 4 young (4096K), 4 survivors (4096K)
 Metaspace       used 97422K, capacity 104753K, committed 105076K, reserved 1140736K
  class space    used 12789K, capacity 14808K, committed 14924K, reserved 1048576K
}
Event: 45.197 GC heap before
{Heap before GC invocations=66 (full 0):
 garbage-first heap   total 353280K, used 302433K [0x00000000a0000000, 0x0000000100000000)
  region size 1024K, 26 young (26624K), 4 survivors (4096K)
 Metaspace       used 98330K, capacity 105824K, committed 105972K, reserved 1140736K
  class space    used 12946K, capacity 15050K, committed 15052K, reserved 1048576K
}
Event: 45.216 GC heap after
{Heap after GC invocations=67 (full 0):
 garbage-first heap   total 353280K, used 284057K [0x00000000a0000000, 0x0000000100000000)
  region size 1024K, 4 young (4096K), 4 survivors (4096K)
 Metaspace       used 98330K, capacity 105824K, committed 105972K, reserved 1140736K
  class space    used 12946K, capacity 15050K, committed 15052K, reserved 1048576K
}
Event: 45.682 GC heap before
{Heap before GC invocations=67 (full 0):
 garbage-first heap   total 353280K, used 308633K [0x00000000a0000000, 0x0000000100000000)
  region size 1024K, 24 young (24576K), 4 survivors (4096K)
 Metaspace       used 98394K, capacity 105836K, committed 106100K, reserved 1140736K
  class space    used 12952K, capacity 15054K, committed 15180K, reserved 1048576K
}
Event: 45.694 GC heap after
{Heap after GC invocations=68 (full 0):
 garbage-first heap   total 353280K, used 289157K [0x00000000a0000000, 0x0000000100000000)
  region size 1024K, 3 young (3072K), 3 survivors (3072K)
 Metaspace       used 98394K, capacity 105836K, committed 106100K, reserved 1140736K
  class space    used 12952K, capacity 15054K, committed 15180K, reserved 1048576K
}
Event: 45.882 GC heap before
{Heap before GC invocations=68 (full 0):
 garbage-first heap   total 353280K, used 305541K [0x00000000a0000000, 0x0000000100000000)
  region size 1024K, 19 young (19456K), 3 survivors (3072K)
 Metaspace       used 98447K, capacity 105920K, committed 106100K, reserved 1140736K
  class space    used 12960K, capacity 15060K, committed 15180K, reserved 1048576K
}
Event: 45.887 GC heap after
{Heap after GC invocations=69 (full 0):
 garbage-first heap   total 353280K, used 292082K [0x00000000a0000000, 0x0000000100000000)
  region size 1024K, 3 young (3072K), 3 survivors (3072K)
 Metaspace       used 98447K, capacity 105920K, committed 106100K, reserved 1140736K
  class space    used 12960K, capacity 15060K, committed 15180K, reserved 1048576K
}
Event: 46.142 GC heap before
{Heap before GC invocations=69 (full 0):
 garbage-first heap   total 353280K, used 307442K [0x00000000a0000000, 0x0000000100000000)
  region size 1024K, 18 young (18432K), 3 survivors (3072K)
 Metaspace       used 98451K, capacity 105921K, committed 106100K, reserved 1140736K
  class space    used 12960K, capacity 15060K, committed 15180K, reserved 1048576K
}
Event: 46.146 GC heap after
{Heap after GC invocations=70 (full 0):
 garbage-first heap   total 402432K, used 292744K [0x00000000a0000000, 0x0000000100000000)
  region size 1024K, 3 young (3072K), 3 survivors (3072K)
 Metaspace       used 98451K, capacity 105921K, committed 106100K, reserved 1140736K
  class space    used 12960K, capacity 15060K, committed 15180K, reserved 1048576K
}
Event: 47.051 GC heap before
{Heap before GC invocations=70 (full 0):
 garbage-first heap   total 402432K, used 327560K [0x00000000a0000000, 0x0000000100000000)
  region size 1024K, 37 young (37888K), 3 survivors (3072K)
 Metaspace       used 98459K, capacity 105924K, committed 106100K, reserved 1140736K
  class space    used 12960K, capacity 15060K, committed 15180K, reserved 1048576K
}
Event: 47.055 GC heap after
{Heap after GC invocations=71 (full 0):
 garbage-first heap   total 402432K, used 293508K [0x00000000a0000000, 0x0000000100000000)
  region size 1024K, 4 young (4096K), 4 survivors (4096K)
 Metaspace       used 98459K, capacity 105924K, committed 106100K, reserved 1140736K
  class space    used 12960K, capacity 15060K, committed 15180K, reserved 1048576K
}
Event: 47.716 GC heap before
{Heap before GC invocations=71 (full 0):
 garbage-first heap   total 402432K, used 330372K [0x00000000a0000000, 0x0000000100000000)
  region size 1024K, 40 young (40960K), 4 survivors (4096K)
 Metaspace       used 98464K, capacity 105928K, committed 106100K, reserved 1140736K
  class space    used 12961K, capacity 15061K, committed 15180K, reserved 1048576K
}
Event: 47.720 GC heap after
{Heap after GC invocations=72 (full 0):
 garbage-first heap   total 402432K, used 294252K [0x00000000a0000000, 0x0000000100000000)
  region size 1024K, 3 young (3072K), 3 survivors (3072K)
 Metaspace       used 98464K, capacity 105928K, committed 106100K, reserved 1140736K
  class space    used 12961K, capacity 15061K, committed 15180K, reserved 1048576K
}

